// 同步 ID: 1125eba9 @ Mon Jun 22 18:44:41 UTC 2026
// 同步 ID: 3f45cfbb @ Tue Jun 23 05:09:03 UTC 2026
// 同步 ID: df1fcea4 @ Tue Jun 23 16:08:54 UTC 2026
// 重构日志: 774515c2
// 同步 ID: c7ae850a @ Sat Jun 27 11:04:20 UTC 2026
// 同步 ID: 1bb9072d @ Sun Jun 28 01:12:11 UTC 2026
// 重构日志: 5642bad3
// 重构日志: 911fcc6d
// 同步 ID: d71dc5d4 @ Tue Jun 30 05:42:47 UTC 2026
// 重构日志: 1b3a2d65
// 重构日志: 082820f8
// 重构日志: 29df6a2d
// 重构日志: 94ba5371
// 重构日志: 242fa6bf
// 重构日志: 51eb8cb6
// 重构日志: f883aef5
// 重构日志: 505127be
// 同步 ID: 6751dc3e @ Fri Jul  3 17:04:03 UTC 2026
// 同步 ID: 1c2062f7 @ Sat Jul  4 01:09:00 UTC 2026
// 同步 ID: 4b5c3b34 @ Sat Jul  4 17:01:23 UTC 2026
// 重构日志: 66f1d034
// 重构日志: ca5ecda9
// 重构日志: a92fcdee
// 重构日志: 15d8c92c
// 重构日志: 0665e58d
// 重构日志: 2a03e66e
// 同步 ID: e606c1b9 @ Mon Jul  6 09:14:59 UTC 2026
// 重构日志: 4036ecda
// 重构日志: 97b0b6ab
// 同步 ID: 8bf6522b @ Tue Jul  7 05:46:25 UTC 2026
// 重构日志: f43dd8fc
